#
# There is insufficient memory for the Java Runtime Environment to continue.
# Native memory allocation (malloc) failed to allocate 1048576 bytes for AllocateHeap
# Possible reasons:
#   The system is out of physical RAM or swap space
#   The process is running with CompressedOops enabled, and the Java Heap may be blocking the growth of the native heap
# Possible solutions:
#   Reduce memory load on the system
#   Increase physical memory or swap space
#   Check if swap backing store is full
#   Decrease Java heap size (-Xmx/-Xms)
#   Decrease number of Java threads
#   Decrease Java thread stack sizes (-Xss)
#   Set larger code cache with -XX:ReservedCodeCacheSize=
#   JVM is running with Unscaled Compressed Oops mode in which the Java heap is
#     placed in the first 4GB address space. The Java Heap base address is the
#     maximum limit for the native heap growth. Please use -XX:HeapBaseMinAddress
#     to set the Java Heap base and to place the Java Heap above 4GB virtual address.
# This output file may be truncated or incomplete.
#
#  Out of Memory Error (allocation.cpp:44), pid=1156, tid=27284
#
# JRE version: OpenJDK Runtime Environment Temurin-17.0.10+7 (17.0.10+7) (build 17.0.10+7)
# Java VM: OpenJDK 64-Bit Server VM Temurin-17.0.10+7 (17.0.10+7, mixed mode, emulated-client, tiered, compressed oops, compressed class ptrs, g1 gc, windows-amd64)
# No core dump will be written. Minidumps are not enabled by default on client versions of Windows
#

---------------  S U M M A R Y ------------

Command Line: -Xmx1024m -Dsts.lsp.client=vscode -Dsts.log.file=/dev/null -XX:TieredStopAtLevel=1 -Xlog:jni+resolve=off -Dspring.config.location=file:c:\Users\Anderson_windowsPRO\.vscode\extensions\vmware.vscode-spring-boot-1.54.0\language-server\BOOT-INF\classes\application.properties org.springframework.ide.vscode.boot.app.BootLanguageServerBootApp

Host: AMD Ryzen 5 3400G with Radeon Vega Graphics    , 8 cores, 15G,  Windows 10 , 64 bit Build 19041 (10.0.19041.3636)
Time: Sat May 11 22:24:20 2024 E. South America Standard Time elapsed time: 58.375043 seconds (0d 0h 0m 58s)

---------------  T H R E A D  ---------------

Current thread (0x00000210c130d1e0):  VMThread "VM Thread" [stack: 0x0000005dd4400000,0x0000005dd4500000] [id=27284]

Stack: [0x0000005dd4400000,0x0000005dd4500000]
Native frames: (J=compiled Java code, j=interpreted, Vv=VM code, C=native code)
V  [jvm.dll+0x67d2c9]
V  [jvm.dll+0x834afa]
V  [jvm.dll+0x8365be]
V  [jvm.dll+0x836c23]
V  [jvm.dll+0x2477ff]
V  [jvm.dll+0xa6c93]
V  [jvm.dll+0x2f8663]
V  [jvm.dll+0x2f42e0]
V  [jvm.dll+0x2dc8c7]
V  [jvm.dll+0x31fb87]
V  [jvm.dll+0x83b11b]
V  [jvm.dll+0x83be61]
V  [jvm.dll+0x83c37d]
V  [jvm.dll+0x83c754]
V  [jvm.dll+0x83c820]
V  [jvm.dll+0x7e3fba]
V  [jvm.dll+0x67c1b5]
C  [ucrtbase.dll+0x21bb2]
C  [KERNEL32.DLL+0x17344]
C  [ntdll.dll+0x526b1]

VM_Operation (0x0000005dd5cff0e0): G1CollectFull, mode: safepoint, requested by thread 0x00000210c137ced0


---------------  P R O C E S S  ---------------

Threads class SMR info:
_java_thread_list=0x00000210c6e37d50, length=32, elements={
0x00000210c1323370, 0x00000210c1323ff0, 0x00000210c1353680, 0x00000210c1354210,
0x00000210c1367010, 0x00000210c137e820, 0x00000210c13829d0, 0x00000210c138b2f0,
0x00000210c137bfa0, 0x00000210c137c9c0, 0x00000210c137d8f0, 0x00000210c137ced0,
0x00000210c137ba90, 0x00000210c137c4b0, 0x00000210c137b070, 0x00000210c137b580,
0x00000210c137d3e0, 0x00000210c137de00, 0x00000210c137e310, 0x00000210c6e66600,
0x00000210c6e698a0, 0x00000210c6e6c120, 0x00000210c6e67f50, 0x00000210c6e66b10,
0x00000210c6e69390, 0x00000210c6e6bc10, 0x00000210c6e69db0, 0x00000210c6e660f0,
0x00000210c6e6c630, 0x00000210c6e67020, 0x00000210c6e6b700, 0x00000210c6e6cb40
}

Java Threads: ( => current thread )
  0x00000210c1323370 JavaThread "Reference Handler" daemon [_thread_blocked, id=1348, stack(0x0000005dd4500000,0x0000005dd4600000)]
  0x00000210c1323ff0 JavaThread "Finalizer" daemon [_thread_blocked, id=42420, stack(0x0000005dd4600000,0x0000005dd4700000)]
  0x00000210c1353680 JavaThread "Signal Dispatcher" daemon [_thread_blocked, id=38380, stack(0x0000005dd4700000,0x0000005dd4800000)]
  0x00000210c1354210 JavaThread "Attach Listener" daemon [_thread_blocked, id=23196, stack(0x0000005dd4800000,0x0000005dd4900000)]
  0x00000210c1367010 JavaThread "Service Thread" daemon [_thread_blocked, id=2512, stack(0x0000005dd4900000,0x0000005dd4a00000)]
  0x00000210c137e820 JavaThread "Monitor Deflation Thread" daemon [_thread_blocked, id=42828, stack(0x0000005dd4a00000,0x0000005dd4b00000)]
  0x00000210c13829d0 JavaThread "C1 CompilerThread0" daemon [_thread_blocked, id=10320, stack(0x0000005dd4b00000,0x0000005dd4c00000)]
  0x00000210c138b2f0 JavaThread "Sweeper thread" daemon [_thread_blocked, id=11352, stack(0x0000005dd4c00000,0x0000005dd4d00000)]
  0x00000210c137bfa0 JavaThread "Notification Thread" daemon [_thread_blocked, id=38744, stack(0x0000005dd4e00000,0x0000005dd4f00000)]
  0x00000210c137c9c0 JavaThread "Common-Cleaner" daemon [_thread_blocked, id=33588, stack(0x0000005dd5000000,0x0000005dd5100000)]
  0x00000210c137d8f0 JavaThread "boundedElastic-evictor-1" daemon [_thread_blocked, id=1472, stack(0x0000005dd5600000,0x0000005dd5700000)]
  0x00000210c137ced0 JavaThread "pool-13-thread-1" [_thread_blocked, id=39768, stack(0x0000005dd5c00000,0x0000005dd5d00000)]
  0x00000210c137ba90 JavaThread "LanguageServerApp-lifecycle" [_thread_blocked, id=15108, stack(0x0000005dd5d00000,0x0000005dd5e00000)]
  0x00000210c137c4b0 JavaThread "DestroyJavaVM" [_thread_blocked, id=33880, stack(0x0000005dd3e00000,0x0000005dd3f00000)]
  0x00000210c137b070 JavaThread "pool-14-thread-1" [_thread_in_native, id=29336, stack(0x0000005dd5e00000,0x0000005dd5f00000)]
  0x00000210c137b580 JavaThread "Simple-Language-Server main thread" daemon [_thread_blocked, id=19948, stack(0x0000005dd5f00000,0x0000005dd6000000)]
  0x00000210c137d3e0 JavaThread "pool-8-thread-1" [_thread_blocked, id=14424, stack(0x0000005dd6000000,0x0000005dd6100000)]
  0x00000210c137de00 JavaThread "parallel-1" daemon [_thread_blocked, id=10992, stack(0x0000005dd6100000,0x0000005dd6200000)]
  0x00000210c137e310 JavaThread "parallel-2" daemon [_thread_blocked, id=34104, stack(0x0000005dd6200000,0x0000005dd6300000)]
  0x00000210c6e66600 JavaThread "parallel-3" daemon [_thread_blocked, id=26104, stack(0x0000005dd6300000,0x0000005dd6400000)]
  0x00000210c6e698a0 JavaThread "parallel-4" daemon [_thread_blocked, id=29144, stack(0x0000005dd6400000,0x0000005dd6500000)]
  0x00000210c6e6c120 JavaThread "pool-5-thread-1" [_thread_blocked, id=16416, stack(0x0000005dd6500000,0x0000005dd6600000)]
  0x00000210c6e67f50 JavaThread "pool-5-thread-2" [_thread_blocked, id=28904, stack(0x0000005dd6600000,0x0000005dd6700000)]
  0x00000210c6e66b10 JavaThread "pool-6-thread-1" [_thread_blocked, id=33176, stack(0x0000005dd6700000,0x0000005dd6800000)]
  0x00000210c6e69390 JavaThread "parallel-5" daemon [_thread_blocked, id=632, stack(0x0000005dd6800000,0x0000005dd6900000)]
  0x00000210c6e6bc10 JavaThread "parallel-6" daemon [_thread_blocked, id=1484, stack(0x0000005dd6900000,0x0000005dd6a00000)]
  0x00000210c6e69db0 JavaThread "parallel-7" daemon [_thread_blocked, id=37032, stack(0x0000005dd6a00000,0x0000005dd6b00000)]
  0x00000210c6e660f0 JavaThread "parallel-8" daemon [_thread_blocked, id=44320, stack(0x0000005dd6b00000,0x0000005dd6c00000)]
  0x00000210c6e6c630 JavaThread "ForkJoinPool.commonPool-worker-1" daemon [_thread_blocked, id=48052, stack(0x0000005dd6c00000,0x0000005dd6d00000)]
  0x00000210c6e67020 JavaThread "ForkJoinPool.commonPool-worker-2" daemon [_thread_blocked, id=11400, stack(0x0000005dd6d00000,0x0000005dd6e00000)]
  0x00000210c6e6b700 JavaThread "Reconciler-1" daemon [_thread_blocked, id=43496, stack(0x0000005dd6e00000,0x0000005dd6f00000)]
  0x00000210c6e6cb40 JavaThread "pool-5-thread-3" [_thread_blocked, id=12316, stack(0x0000005dd4d00000,0x0000005dd4e00000)]

Other Threads:
=>0x00000210c130d1e0 VMThread "VM Thread" [stack: 0x0000005dd4400000,0x0000005dd4500000] [id=27284]
  0x00000210c156e660 WatcherThread [stack: 0x0000005dd4f00000,0x0000005dd5000000] [id=35652]
  0x00000210b64a1290 GCTaskThread "GC Thread#0" [stack: 0x0000005dd3f00000,0x0000005dd4000000] [id=28856]
  0x00000210c1f2d2d0 GCTaskThread "GC Thread#1" [stack: 0x0000005dd5100000,0x0000005dd5200000] [id=24520]
  0x00000210c6241f80 GCTaskThread "GC Thread#2" [stack: 0x0000005dd5200000,0x0000005dd5300000] [id=3840]
  0x00000210c6242240 GCTaskThread "GC Thread#3" [stack: 0x0000005dd5300000,0x0000005dd5400000] [id=34528]
  0x00000210c6242500 GCTaskThread "GC Thread#4" [stack: 0x0000005dd5400000,0x0000005dd5500000] [id=16172]
  0x00000210c62427c0 GCTaskThread "GC Thread#5" [stack: 0x0000005dd5500000,0x0000005dd5600000] [id=44044]
  0x00000210c6777470 GCTaskThread "GC Thread#6" [stack: 0x0000005dd5900000,0x0000005dd5a00000] [id=45568]
  0x00000210c6777730 GCTaskThread "GC Thread#7" [stack: 0x0000005dd5a00000,0x0000005dd5b00000] [id=40072]
  0x00000210b64aa1e0 ConcurrentGCThread "G1 Main Marker" [stack: 0x0000005dd4000000,0x0000005dd4100000] [id=33632]
  0x00000210b64ad3b0 ConcurrentGCThread "G1 Conc#0" [stack: 0x0000005dd4100000,0x0000005dd4200000] [id=25384]
  0x00000210c6666c80 ConcurrentGCThread "G1 Conc#1" [stack: 0x0000005dd5b00000,0x0000005dd5c00000] [id=45312]
  0x00000210c117d230 ConcurrentGCThread "G1 Refine#0" [stack: 0x0000005dd4200000,0x0000005dd4300000] [id=14532]
  0x00000210c117da70 ConcurrentGCThread "G1 Service" [stack: 0x0000005dd4300000,0x0000005dd4400000] [id=34400]

Threads with active compile tasks:

VM state: at safepoint (normal execution)

VM Mutex/Monitor currently owned by a thread:  ([mutex/lock_event])
[0x00000210b42f68d0] Threads_lock - owner thread: 0x00000210c130d1e0
[0x00000210b64642f0] Heap_lock - owner thread: 0x00000210c137ced0

Heap address: 0x00000000c0000000, size: 1024 MB, Compressed Oops mode: 32-bit

CDS archive(s) not mapped
Compressed class space mapped at: 0x0000000100000000-0x0000000140000000, reserved size: 1073741824
Narrow klass base: 0x0000000000000000, Narrow klass shift: 3, Narrow klass range: 0x140000000

GC Precious Log:
 CPUs: 8 total, 8 available
 Memory: 16315M
 Large Page Support: Disabled
 NUMA Support: Disabled
 Compressed Oops: Enabled (32-bit)
 Heap Region Size: 1M
 Heap Min Capacity: 8M
 Heap Initial Capacity: 256M
 Heap Max Capacity: 1G
 Pre-touch: Disabled
 Parallel Workers: 8
 Concurrent Workers: 2
 Concurrent Refinement Workers: 8
 Periodic GC: Disabled

Heap:
 garbage-first heap   total 78848K, used 28129K [0x00000000c0000000, 0x0000000100000000)
  region size 1024K, 1 young (1024K), 0 survivors (0K)
 Metaspace       used 39130K, committed 39552K, reserved 1114112K
  class space    used 5189K, committed 5376K, reserved 1048576K

Heap Regions: E=young(eden), S=young(survivor), O=old, HS=humongous(starts), HC=humongous(continues), CS=collection set, F=free, OA=open archive, CA=closed archive, TAMS=top-at-mark-start (previous, next)
|   0|0x00000000c0000000, 0x00000000c0100000, 0x00000000c0100000|100%|HS|  |TAMS 0x00000000c0100000, 0x00000000c0000000| Untracked 
|   1|0x00000000c0100000, 0x00000000c0200000, 0x00000000c0200000|100%|HC|  |TAMS 0x00000000c0200000, 0x00000000c0100000| Untracked 
|   2|0x00000000c0200000, 0x00000000c0300000, 0x00000000c0300000|100%|HC|  |TAMS 0x00000000c0300000, 0x00000000c0200000| Untracked 
|   3|0x00000000c0300000, 0x00000000c0400000, 0x00000000c0400000|100%|HC|  |TAMS 0x00000000c0400000, 0x00000000c0300000| Untracked 
|   4|0x00000000c0400000, 0x00000000c0500000, 0x00000000c0500000|100%|HS|  |TAMS 0x00000000c0500000, 0x00000000c0400000| Untracked 
|   5|0x00000000c0500000, 0x00000000c0600000, 0x00000000c0600000|100%|HC|  |TAMS 0x00000000c0600000, 0x00000000c0500000| Untracked 
|   6|0x00000000c0600000, 0x00000000c06fffd8, 0x00000000c0700000| 99%| O|  |TAMS 0x00000000c0600000, 0x00000000c0600000| Untracked 
|   7|0x00000000c0700000, 0x00000000c0800000, 0x00000000c0800000|100%| O|  |TAMS 0x00000000c0800000, 0x00000000c0700000| Untracked 
|   8|0x00000000c0800000, 0x00000000c0900000, 0x00000000c0900000|100%| O|  |TAMS 0x00000000c0900000, 0x00000000c0800000| Untracked 
|   9|0x00000000c0900000, 0x00000000c09f7458, 0x00000000c0a00000| 96%| O|  |TAMS 0x00000000c0900000, 0x00000000c0900000| Untracked 
|  10|0x00000000c0a00000, 0x00000000c0b00000, 0x00000000c0b00000|100%| O|  |TAMS 0x00000000c0b00000, 0x00000000c0a00000| Untracked 
|  11|0x00000000c0b00000, 0x00000000c0c00000, 0x00000000c0c00000|100%| O|  |TAMS 0x00000000c0c00000, 0x00000000c0b00000| Untracked 
|  12|0x00000000c0c00000, 0x00000000c0cffff0, 0x00000000c0d00000| 99%| O|  |TAMS 0x00000000c0c00000, 0x00000000c0c00000| Untracked 
|  13|0x00000000c0d00000, 0x00000000c0e00000, 0x00000000c0e00000|100%| O|  |TAMS 0x00000000c0e00000, 0x00000000c0d00000| Untracked 
|  14|0x00000000c0e00000, 0x00000000c0f00000, 0x00000000c0f00000|100%| O|  |TAMS 0x00000000c0f00000, 0x00000000c0e00000| Untracked 
|  15|0x00000000c0f00000, 0x00000000c0fffff0, 0x00000000c1000000| 99%| O|  |TAMS 0x00000000c0f00000, 0x00000000c0f00000| Untracked 
|  16|0x00000000c1000000, 0x00000000c10ffff8, 0x00000000c1100000| 99%| O|  |TAMS 0x00000000c1000000, 0x00000000c1000000| Untracked 
|  17|0x00000000c1100000, 0x00000000c1200000, 0x00000000c1200000|100%| O|  |TAMS 0x00000000c1200000, 0x00000000c1100000| Untracked 
|  18|0x00000000c1200000, 0x00000000c12fffb8, 0x00000000c1300000| 99%| O|  |TAMS 0x00000000c1200000, 0x00000000c1200000| Untracked 
|  19|0x00000000c1300000, 0x00000000c1400000, 0x00000000c1400000|100%| O|  |TAMS 0x00000000c1400000, 0x00000000c1300000| Untracked 
|  20|0x00000000c1400000, 0x00000000c14ffff0, 0x00000000c1500000| 99%| O|  |TAMS 0x00000000c1400000, 0x00000000c1400000| Untracked 
|  21|0x00000000c1500000, 0x00000000c1600000, 0x00000000c1600000|100%| O|  |TAMS 0x00000000c1600000, 0x00000000c1500000| Untracked 
|  22|0x00000000c1600000, 0x00000000c1700000, 0x00000000c1700000|100%| O|  |TAMS 0x00000000c1700000, 0x00000000c1600000| Untracked 
|  23|0x00000000c1700000, 0x00000000c17ffff8, 0x00000000c1800000| 99%| O|  |TAMS 0x00000000c1700000, 0x00000000c1700000| Untracked 
|  24|0x00000000c1800000, 0x00000000c1900000, 0x00000000c1900000|100%| O|  |TAMS 0x00000000c1800000, 0x00000000c1800000| Untracked 
|  25|0x00000000c1900000, 0x00000000c1a00000, 0x00000000c1a00000|100%| O|  |TAMS 0x00000000c1a00000, 0x00000000c1900000| Untracked 
|  26|0x00000000c1a00000, 0x00000000c1ae9a88, 0x00000000c1b00000| 91%| O|  |TAMS 0x00000000c1a00000, 0x00000000c1a00000| Untracked 
|  27|0x00000000c1b00000, 0x00000000c1b00000, 0x00000000c1c00000|  0%| F|  |TAMS 0x00000000c1b00000, 0x00000000c1b00000| Untracked 
|  28|0x00000000c1c00000, 0x00000000c1c00000, 0x00000000c1d00000|  0%| F|  |TAMS 0x00000000c1c00000, 0x00000000c1c00000| Untracked 
|  29|0x00000000c1d00000, 0x00000000c1d00000, 0x00000000c1e00000|  0%| F|  |TAMS 0x00000000c1d00000, 0x00000000c1d00000| Untracked 
|  30|0x00000000c1e00000, 0x00000000c1e00000, 0x00000000c1f00000|  0%| F|  |TAMS 0x00000000c1e00000, 0x00000000c1e00000| Untracked 
|  31|0x00000000c1f00000, 0x00000000c1f00000, 0x00000000c2000000|  0%| F|  |TAMS 0x00000000c1f00000, 0x00000000c1f00000| Untracked 
|  32|0x00000000c2000000, 0x00000000c2000000, 0x00000000c2100000|  0%| F|  |TAMS 0x00000000c2000000, 0x00000000c2000000| Untracked 
|  33|0x00000000c2100000, 0x00000000c2100000, 0x00000000c2200000|  0%| F|  |TAMS 0x00000000c2100000, 0x00000000c2100000| Untracked 
|  34|0x00000000c2200000, 0x00000000c2200000, 0x00000000c2300000|  0%| F|  |TAMS 0x00000000c2200000, 0x00000000c2200000| Untracked 
|  35|0x00000000c2300000, 0x00000000c2397748, 0x00000000c2400000| 59%| O|  |TAMS 0x00000000c2300000, 0x00000000c2300000| Untracked 
|  36|0x00000000c2400000, 0x00000000c2400000, 0x00000000c2500000|  0%| F|  |TAMS 0x00000000c2400000, 0x00000000c2400000| Untracked 
|  37|0x00000000c2500000, 0x00000000c2500000, 0x00000000c2600000|  0%| F|  |TAMS 0x00000000c2500000, 0x00000000c2500000| Untracked 
|  38|0x00000000c2600000, 0x00000000c2600000, 0x00000000c2700000|  0%| F|  |TAMS 0x00000000c2600000, 0x00000000c2600000| Untracked 
|  39|0x00000000c2700000, 0x00000000c2700000, 0x00000000c2800000|  0%| F|  |TAMS 0x00000000c2700000, 0x00000000c2700000| Untracked 
|  40|0x00000000c2800000, 0x00000000c2800000, 0x00000000c2900000|  0%| F|  |TAMS 0x00000000c2800000, 0x00000000c2800000| Untracked 
|  41|0x00000000c2900000, 0x00000000c2900000, 0x00000000c2a00000|  0%| F|  |TAMS 0x00000000c2900000, 0x00000000c2900000| Untracked 
|  42|0x00000000c2a00000, 0x00000000c2a00000, 0x00000000c2b00000|  0%| F|  |TAMS 0x00000000c2a00000, 0x00000000c2a00000| Untracked 
|  43|0x00000000c2b00000, 0x00000000c2b00000, 0x00000000c2c00000|  0%| F|  |TAMS 0x00000000c2b00000, 0x00000000c2b00000| Untracked 
|  44|0x00000000c2c00000, 0x00000000c2c00000, 0x00000000c2d00000|  0%| F|  |TAMS 0x00000000c2c00000, 0x00000000c2c00000| Untracked 
|  45|0x00000000c2d00000, 0x00000000c2d00000, 0x00000000c2e00000|  0%| F|  |TAMS 0x00000000c2d00000, 0x00000000c2d00000| Untracked 
|  46|0x00000000c2e00000, 0x00000000c2e00000, 0x00000000c2f00000|  0%| F|  |TAMS 0x00000000c2e00000, 0x00000000c2e00000| Untracked 
|  47|0x00000000c2f00000, 0x00000000c2f00000, 0x00000000c3000000|  0%| F|  |TAMS 0x00000000c2f00000, 0x00000000c2f00000| Untracked 
|  48|0x00000000c3000000, 0x00000000c3000000, 0x00000000c3100000|  0%| F|  |TAMS 0x00000000c3000000, 0x00000000c3000000| Untracked 
|  49|0x00000000c3100000, 0x00000000c3100000, 0x00000000c3200000|  0%| F|  |TAMS 0x00000000c3100000, 0x00000000c3100000| Untracked 
|  50|0x00000000c3200000, 0x00000000c3200000, 0x00000000c3300000|  0%| F|  |TAMS 0x00000000c3200000, 0x00000000c3200000| Untracked 
|  51|0x00000000c3300000, 0x00000000c3300000, 0x00000000c3400000|  0%| F|  |TAMS 0x00000000c3300000, 0x00000000c3300000| Untracked 
|  52|0x00000000c3400000, 0x00000000c3400000, 0x00000000c3500000|  0%| F|  |TAMS 0x00000000c3400000, 0x00000000c3400000| Untracked 
|  53|0x00000000c3500000, 0x00000000c3500000, 0x00000000c3600000|  0%| F|  |TAMS 0x00000000c3500000, 0x00000000c3500000| Untracked 
|  54|0x00000000c3600000, 0x00000000c3600000, 0x00000000c3700000|  0%| F|  |TAMS 0x00000000c3600000, 0x00000000c3600000| Untracked 
|  55|0x00000000c3700000, 0x00000000c3700000, 0x00000000c3800000|  0%| F|  |TAMS 0x00000000c3700000, 0x00000000c3700000| Untracked 
|  56|0x00000000c3800000, 0x00000000c3800000, 0x00000000c3900000|  0%| F|  |TAMS 0x00000000c3800000, 0x00000000c3800000| Untracked 
|  57|0x00000000c3900000, 0x00000000c3900000, 0x00000000c3a00000|  0%| F|  |TAMS 0x00000000c3900000, 0x00000000c3900000| Untracked 
|  58|0x00000000c3a00000, 0x00000000c3a00000, 0x00000000c3b00000|  0%| F|  |TAMS 0x00000000c3a00000, 0x00000000c3a00000| Untracked 
|  59|0x00000000c3b00000, 0x00000000c3b00000, 0x00000000c3c00000|  0%| F|  |TAMS 0x00000000c3b00000, 0x00000000c3b00000| Untracked 
|  60|0x00000000c3c00000, 0x00000000c3c00000, 0x00000000c3d00000|  0%| F|  |TAMS 0x00000000c3c00000, 0x00000000c3c00000| Untracked 
|  61|0x00000000c3d00000, 0x00000000c3d00000, 0x00000000c3e00000|  0%| F|  |TAMS 0x00000000c3d00000, 0x00000000c3d00000| Untracked 
|  62|0x00000000c3e00000, 0x00000000c3e00000, 0x00000000c3f00000|  0%| F|  |TAMS 0x00000000c3e00000, 0x00000000c3e00000| Untracked 
|  63|0x00000000c3f00000, 0x00000000c3f00000, 0x00000000c4000000|  0%| F|  |TAMS 0x00000000c3f00000, 0x00000000c3f00000| Untracked 
|  64|0x00000000c4000000, 0x00000000c4000000, 0x00000000c4100000|  0%| F|  |TAMS 0x00000000c4000000, 0x00000000c4000000| Untracked 
|  65|0x00000000c4100000, 0x00000000c4100000, 0x00000000c4200000|  0%| F|  |TAMS 0x00000000c4100000, 0x00000000c4100000| Untracked 
|  66|0x00000000c4200000, 0x00000000c4200000, 0x00000000c4300000|  0%| F|  |TAMS 0x00000000c4200000, 0x00000000c4200000| Untracked 
|  67|0x00000000c4300000, 0x00000000c4300000, 0x00000000c4400000|  0%| F|  |TAMS 0x00000000c4300000, 0x00000000c4300000| Untracked 
|  68|0x00000000c4400000, 0x00000000c4400000, 0x00000000c4500000|  0%| F|  |TAMS 0x00000000c4400000, 0x00000000c4400000| Untracked 
|  69|0x00000000c4500000, 0x00000000c4500000, 0x00000000c4600000|  0%| F|  |TAMS 0x00000000c4500000, 0x00000000c4500000| Untracked 
| 216|0x00000000cd800000, 0x00000000cd800000, 0x00000000cd900000|  0%| F|  |TAMS 0x00000000cd800000, 0x00000000cd800000| Untracked 
| 217|0x00000000cd900000, 0x00000000cd900000, 0x00000000cda00000|  0%| F|  |TAMS 0x00000000cd900000, 0x00000000cd900000| Untracked 
| 218|0x00000000cda00000, 0x00000000cda00000, 0x00000000cdb00000|  0%| F|  |TAMS 0x00000000cda00000, 0x00000000cda00000| Untracked 
| 219|0x00000000cdb00000, 0x00000000cdb00000, 0x00000000cdc00000|  0%| F|  |TAMS 0x00000000cdb00000, 0x00000000cdb00000| Untracked 
| 220|0x00000000cdc00000, 0x00000000cdc00000, 0x00000000cdd00000|  0%| F|  |TAMS 0x00000000cdc00000, 0x00000000cdc00000| Untracked 
| 254|0x00000000cfe00000, 0x00000000cfe00000, 0x00000000cff00000|  0%| F|  |TAMS 0x00000000cfe00000, 0x00000000cfe00000| Untracked 
| 255|0x00000000cff00000, 0x00000000cff1bbd8, 0x00000000d0000000| 10%| E|  |TAMS 0x00000000cff00000, 0x00000000cff00000| Complete 

Card table byte_map: [0x00000210bc400000,0x00000210bc600000] _byte_map_base: 0x00000210bbe00000

Marking Bits (Prev, Next): (CMBitMap*) 0x00000210b64a18f0, (CMBitMap*) 0x00000210b64a18b0
 Prev Bits: [0x00000210bd800000, 0x00000210be800000)
 Next Bits: [0x00000210bc800000, 0x00000210bd800000)

Polling page: 0x00000210b4400000

Metaspace:

Usage:
  Non-class:     33.15 MB used.
      Class:      5.07 MB used.
       Both:     38.21 MB used.

Virtual space:
  Non-class space:       64.00 MB reserved,      33.38 MB ( 52%) committed,  1 nodes.
      Class space:        1.00 GB reserved,       5.25 MB ( <1%) committed,  1 nodes.
             Both:        1.06 GB reserved,      38.62 MB (  4%) committed. 

Chunk freelists:
   Non-Class:  14.62 MB
       Class:  10.70 MB
        Both:  25.32 MB

MaxMetaspaceSize: unlimited
CompressedClassSpaceSize: 1.00 GB
Initial GC threshold: 21.00 MB
Current GC threshold: 64.38 MB
CDS: off
MetaspaceReclaimPolicy: balanced
 - commit_granule_bytes: 65536.
 - commit_granule_words: 8192.
 - virtual_space_node_default_size: 8388608.
 - enlarge_chunks_in_place: 1.
 - new_chunks_are_fully_committed: 0.
 - uncommit_free_chunks: 1.
 - use_allocation_guard: 0.
 - handle_deallocations: 1.


Internal statistics:

num_allocs_failed_limit: 6.
num_arena_births: 502.
num_arena_deaths: 0.
num_vsnodes_births: 2.
num_vsnodes_deaths: 0.
num_space_committed: 618.
num_space_uncommitted: 0.
num_chunks_returned_to_freelist: 6.
num_chunks_taken_from_freelist: 1680.
num_chunk_merges: 6.
num_chunk_splits: 1154.
num_chunks_enlarged: 869.
num_inconsistent_stats: 0.

CodeCache: size=49152Kb used=6761Kb max_used=8434Kb free=42390Kb
 bounds [0x00000210b90f0000, 0x00000210b9930000, 0x00000210bc0f0000]
 total_blobs=4179 nmethods=3637 adapters=469
 compilation: enabled
              stopped_count=0, restarted_count=0
 full_count=0

Compilation events (20 events):
Event: 8.442 Thread 0x00000210c13829d0 3626       1       java.lang.invoke.InvokerBytecodeGenerator::emitIconstInsn (75 bytes)
Event: 8.443 Thread 0x00000210c13829d0 nmethod 3626 0x00000210b9662a90 code [0x00000210b9662c80, 0x00000210b9662f38]
Event: 8.462 Thread 0x00000210c13829d0 3627       1       reactor.core.publisher.InternalMonoOperator::nextOptimizableSource (5 bytes)
Event: 8.462 Thread 0x00000210c13829d0 nmethod 3627 0x00000210b9295d90 code [0x00000210b9295f20, 0x00000210b9295ff8]
Event: 8.931 Thread 0x00000210c13829d0 3628       1       com.google.gson.stream.JsonReader::setLenient (6 bytes)
Event: 8.932 Thread 0x00000210c13829d0 nmethod 3628 0x00000210b9295a90 code [0x00000210b9295c20, 0x00000210b9295cf8]
Event: 8.933 Thread 0x00000210c13829d0 3629       1       java.net.URI$Parser::checkChars (44 bytes)
Event: 8.934 Thread 0x00000210c13829d0 nmethod 3629 0x00000210b9295210 code [0x00000210b9295400, 0x00000210b9295828]
Event: 8.935 Thread 0x00000210c13829d0 3630       1       com.google.gson.stream.JsonWriter::beforeName (47 bytes)
Event: 8.935 Thread 0x00000210c13829d0 nmethod 3630 0x00000210b9294b90 code [0x00000210b9294d60, 0x00000210b9295018]
Event: 17.149 Thread 0x00000210c13829d0 3631       1       java.lang.Thread::interrupted (23 bytes)
Event: 17.149 Thread 0x00000210c13829d0 nmethod 3631 0x00000210b9294890 code [0x00000210b9294a20, 0x00000210b9294b08]
Event: 17.149 Thread 0x00000210c13829d0 3632       1       java.util.concurrent.locks.AbstractQueuedSynchronizer::signalNext (34 bytes)
Event: 17.150 Thread 0x00000210c13829d0 nmethod 3632 0x00000210b9294490 code [0x00000210b9294620, 0x00000210b9294768]
Event: 47.164 Thread 0x00000210c13829d0 3633       1       java.lang.invoke.StringConcatFactory::parseRecipe (198 bytes)
Event: 47.166 Thread 0x00000210c13829d0 nmethod 3633 0x00000210b9292b90 code [0x00000210b9292e60, 0x00000210b9293bb8]
Event: 47.828 Thread 0x00000210c13829d0 3636       1       java.util.logging.Logger::getName (5 bytes)
Event: 47.829 Thread 0x00000210c13829d0 nmethod 3636 0x00000210b9292290 code [0x00000210b9292420, 0x00000210b92924f8]
Event: 58.034 Thread 0x00000210c13829d0 3637       1       java.time.format.DateTimeFormatter::getDecimalStyle (5 bytes)
Event: 58.034 Thread 0x00000210c13829d0 nmethod 3637 0x00000210b9291f90 code [0x00000210b9292120, 0x00000210b92921f8]

GC Heap History (14 events):
Event: 1.510 GC heap before
{Heap before GC invocations=0 (full 0):
 garbage-first heap   total 262144K, used 28672K [0x00000000c0000000, 0x0000000100000000)
  region size 1024K, 23 young (23552K), 0 survivors (0K)
 Metaspace       used 7907K, committed 8064K, reserved 1114112K
  class space    used 854K, committed 960K, reserved 1048576K
}
Event: 1.516 GC heap after
{Heap after GC invocations=1 (full 0):
 garbage-first heap   total 262144K, used 16066K [0x00000000c0000000, 0x0000000100000000)
  region size 1024K, 3 young (3072K), 3 survivors (3072K)
 Metaspace       used 7907K, committed 8064K, reserved 1114112K
  class space    used 854K, committed 960K, reserved 1048576K
}
Event: 2.624 GC heap before
{Heap before GC invocations=1 (full 0):
 garbage-first heap   total 262144K, used 39618K [0x00000000c0000000, 0x0000000100000000)
  region size 1024K, 26 young (26624K), 3 survivors (3072K)
 Metaspace       used 13843K, committed 14016K, reserved 1114112K
  class space    used 1711K, committed 1792K, reserved 1048576K
}
Event: 2.628 GC heap after
{Heap after GC invocations=2 (full 0):
 garbage-first heap   total 262144K, used 17807K [0x00000000c0000000, 0x0000000100000000)
  region size 1024K, 2 young (2048K), 2 survivors (2048K)
 Metaspace       used 13843K, committed 14016K, reserved 1114112K
  class space    used 1711K, committed 1792K, reserved 1048576K
}
Event: 3.365 GC heap before
{Heap before GC invocations=2 (full 0):
 garbage-first heap   total 262144K, used 50575K [0x00000000c0000000, 0x0000000100000000)
  region size 1024K, 35 young (35840K), 2 survivors (2048K)
 Metaspace       used 21294K, committed 21504K, reserved 1114112K
  class space    used 2613K, committed 2752K, reserved 1048576K
}
Event: 3.371 GC heap after
{Heap after GC invocations=3 (full 0):
 garbage-first heap   total 262144K, used 20827K [0x00000000c0000000, 0x0000000100000000)
  region size 1024K, 5 young (5120K), 5 survivors (5120K)
 Metaspace       used 21294K, committed 21504K, reserved 1114112K
  class space    used 2613K, committed 2752K, reserved 1048576K
}
Event: 4.518 GC heap before
{Heap before GC invocations=4 (full 0):
 garbage-first heap   total 78848K, used 61787K [0x00000000c0000000, 0x0000000100000000)
  region size 1024K, 46 young (47104K), 5 survivors (5120K)
 Metaspace       used 28327K, committed 28608K, reserved 1114112K
  class space    used 3539K, committed 3648K, reserved 1048576K
}
Event: 4.527 GC heap after
{Heap after GC invocations=5 (full 0):
 garbage-first heap   total 78848K, used 23993K [0x00000000c0000000, 0x0000000100000000)
  region size 1024K, 6 young (6144K), 6 survivors (6144K)
 Metaspace       used 28327K, committed 28608K, reserved 1114112K
  class space    used 3539K, committed 3648K, reserved 1048576K
}
Event: 5.957 GC heap before
{Heap before GC invocations=5 (full 0):
 garbage-first heap   total 78848K, used 50617K [0x00000000c0000000, 0x0000000100000000)
  region size 1024K, 33 young (33792K), 6 survivors (6144K)
 Metaspace       used 32118K, committed 32512K, reserved 1114112K
  class space    used 4076K, committed 4288K, reserved 1048576K
}
Event: 5.972 GC heap after
{Heap after GC invocations=6 (full 0):
 garbage-first heap   total 78848K, used 27955K [0x00000000c0000000, 0x0000000100000000)
  region size 1024K, 4 young (4096K), 4 survivors (4096K)
 Metaspace       used 32118K, committed 32512K, reserved 1114112K
  class space    used 4076K, committed 4288K, reserved 1048576K
}
Event: 6.896 GC heap before
{Heap before GC invocations=6 (full 0):
 garbage-first heap   total 78848K, used 46387K [0x00000000c0000000, 0x0000000100000000)
  region size 1024K, 23 young (23552K), 4 survivors (4096K)
 Metaspace       used 35577K, committed 35968K, reserved 1114112K
  class space    used 4577K, committed 4736K, reserved 1048576K
}
Event: 6.904 GC heap after
{Heap after GC invocations=7 (full 0):
 garbage-first heap   total 78848K, used 28839K [0x00000000c0000000, 0x0000000100000000)
  region size 1024K, 2 young (2048K), 2 survivors (2048K)
 Metaspace       used 35577K, committed 35968K, reserved 1114112K
  class space    used 4577K, committed 4736K, reserved 1048576K
}
Event: 47.829 GC heap before
{Heap before GC invocations=8 (full 0):
 garbage-first heap   total 78848K, used 51367K [0x00000000c0000000, 0x0000000100000000)
  region size 1024K, 26 young (26624K), 2 survivors (2048K)
 Metaspace       used 39130K, committed 39552K, reserved 1114112K
  class space    used 5189K, committed 5376K, reserved 1048576K
}
Event: 47.906 GC heap after
{Heap after GC invocations=9 (full 1):
 garbage-first heap   total 78848K, used 28129K [0x00000000c0000000, 0x0000000100000000)
  region size 1024K, 0 young (0K), 0 survivors (0K)
 Metaspace       used 39130K, committed 39552K, reserved 1114112K
  class space    used 5189K, committed 5376K, reserved 1048576K
}

Dll operation events (8 events):
Event: 0.011 Loaded shared library c:\Users\Anderson_windowsPRO\.vscode\extensions\redhat.java-1.30.0-win32-x64\jre\17.0.10-win32-x86_64\bin\java.dll
Event: 0.270 Loaded shared library C:\Users\Anderson_windowsPRO\.vscode\extensions\redhat.java-1.30.0-win32-x64\jre\17.0.10-win32-x86_64\bin\net.dll
Event: 0.274 Loaded shared library C:\Users\Anderson_windowsPRO\.vscode\extensions\redhat.java-1.30.0-win32-x64\jre\17.0.10-win32-x86_64\bin\nio.dll
Event: 0.308 Loaded shared library C:\Users\Anderson_windowsPRO\.vscode\extensions\redhat.java-1.30.0-win32-x64\jre\17.0.10-win32-x86_64\bin\zip.dll
Event: 0.883 Loaded shared library C:\Users\Anderson_windowsPRO\.vscode\extensions\redhat.java-1.30.0-win32-x64\jre\17.0.10-win32-x86_64\bin\jimage.dll
Event: 3.267 Loaded shared library c:\Users\Anderson_windowsPRO\.vscode\extensions\redhat.java-1.30.0-win32-x64\jre\17.0.10-win32-x86_64\bin\verify.dll
Event: 7.198 Loaded shared library C:\Users\Anderson_windowsPRO\.vscode\extensions\redhat.java-1.30.0-win32-x64\jre\17.0.10-win32-x86_64\bin\management.dll
Event: 7.204 Loaded shared library C:\Users\Anderson_windowsPRO\.vscode\extensions\redhat.java-1.30.0-win32-x64\jre\17.0.10-win32-x86_64\bin\management_ext.dll

Deoptimization events (4 events):
Event: 7.709 Thread 0x00000210c137b070 DEOPT PACKING pc=0x00000210b96aef81 sp=0x0000005dd5efda40
Event: 7.709 Thread 0x00000210c137b070 DEOPT UNPACKING pc=0x00000210b9147143 sp=0x0000005dd5efced0 mode 3
Event: 7.712 Thread 0x00000210c137d3e0 DEOPT PACKING pc=0x00000210b968bb17 sp=0x0000005dd60ff1a0
Event: 7.712 Thread 0x00000210c137d3e0 DEOPT UNPACKING pc=0x00000210b9147143 sp=0x0000005dd60fe5f8 mode 3

Classes unloaded (0 events):
No events

Classes redefined (0 events):
No events

Internal exceptions (20 events):
Event: 5.034 Thread 0x00000210b6467260 Exception <a 'java/lang/NoSuchMethodError'{0x00000000c4564020}: 'java.lang.Object java.lang.invoke.DirectMethodHandle$Holder.invokeSpecial(java.lang.Object, java.lang.Object, int, java.lang.Object, java.lang.Object)'> (0x00000000c4564020) 
thrown [s\src\hotspot\share\interpreter\linkResolver.cpp, line 759]
Event: 5.034 Thread 0x00000210b6467260 Exception <a 'java/lang/NoSuchMethodError'{0x00000000c4567cc8}: 'java.lang.Object java.lang.invoke.DelegatingMethodHandle$Holder.delegate(java.lang.Object, int, java.lang.Object, java.lang.Object)'> (0x00000000c4567cc8) 
thrown [s\src\hotspot\share\interpreter\linkResolver.cpp, line 759]
Event: 5.035 Thread 0x00000210b6467260 Exception <a 'java/lang/NoSuchMethodError'{0x00000000c4578b68}: 'int java.lang.invoke.Invokers$Holder.linkToTargetMethod(java.lang.Object, java.lang.Object, java.lang.Object)'> (0x00000000c4578b68) 
thrown [s\src\hotspot\share\interpreter\linkResolver.cpp, line 759]
Event: 5.272 Thread 0x00000210b6467260 Exception <a 'java/lang/NoSuchMethodError'{0x00000000c4015c78}: 'java.lang.Object java.lang.invoke.DirectMethodHandle$Holder.invokeStaticInit(java.lang.Object, int, int, int, int)'> (0x00000000c4015c78) 
thrown [s\src\hotspot\share\interpreter\linkResolver.cpp, line 759]
Event: 5.425 Thread 0x00000210b6467260 Exception <a 'java/lang/NoSuchMethodError'{0x00000000c4094878}: 'java.lang.Object java.lang.invoke.DirectMethodHandle$Holder.invokeStaticInit(java.lang.Object, java.lang.Object, int, int, int, int)'> (0x00000000c4094878) 
thrown [s\src\hotspot\share\interpreter\linkResolver.cpp, line 759]
Event: 5.914 Thread 0x00000210b6467260 Exception <a 'java/lang/NoSuchMethodError'{0x00000000c38fd020}: 'void java.lang.invoke.DirectMethodHandle$Holder.invokeSpecialIFC(java.lang.Object, java.lang.Object, java.lang.Object)'> (0x00000000c38fd020) 
thrown [s\src\hotspot\share\interpreter\linkResolver.cpp, line 759]
Event: 6.530 Thread 0x00000210b6467260 Exception <a 'java/lang/NoSuchMethodError'{0x00000000c4130b18}: 'int java.lang.invoke.DirectMethodHandle$Holder.invokeStaticInit(java.lang.Object, java.lang.Object, int, java.lang.Object)'> (0x00000000c4130b18) 
thrown [s\src\hotspot\share\interpreter\linkResolver.cpp, line 759]
Event: 6.595 Thread 0x00000210b6467260 Exception <a 'java/lang/NoSuchMethodError'{0x00000000c4044998}: 'void java.lang.invoke.DirectMethodHandle$Holder.invokeSpecial(java.lang.Object, java.lang.Object, java.lang.Object, java.lang.Object, java.lang.Object, java.lang.Object, java.lang.Object)'> (0x00000000c4044998) 
thrown [s\src\hotspot\share\interpreter\linkResolver.cpp, line 759]
Event: 6.858 Thread 0x00000210b6467260 Exception <a 'java/lang/NoSuchMethodError'{0x00000000c3b3ff58}: 'java.lang.Object java.lang.invoke.DirectMethodHandle$Holder.invokeInterface(java.lang.Object, java.lang.Object, int)'> (0x00000000c3b3ff58) 
thrown [s\src\hotspot\share\interpreter\linkResolver.cpp, line 759]
Event: 6.860 Thread 0x00000210b6467260 Exception <a 'java/lang/IncompatibleClassChangeError'{0x00000000c3b569c8}: Found class java.lang.Object, but interface was expected> (0x00000000c3b569c8) 
thrown [s\src\hotspot\share\interpreter\linkResolver.cpp, line 826]
Event: 7.172 Thread 0x00000210b6467260 Exception <a 'java/lang/NoSuchMethodError'{0x00000000cda6cc88}: 'java.lang.Object java.lang.invoke.DirectMethodHandle$Holder.newInvokeSpecial(java.lang.Object, java.lang.Object, int, java.lang.Object, java.lang.Object)'> (0x00000000cda6cc88) 
thrown [s\src\hotspot\share\interpreter\linkResolver.cpp, line 759]
Event: 7.178 Thread 0x00000210b6467260 Exception <a 'java/lang/NoSuchMethodError'{0x00000000cda800a0}: 'java.lang.Object java.lang.invoke.DirectMethodHandle$Holder.invokeSpecial(java.lang.Object, java.lang.Object, int, java.lang.Object, int, java.lang.Object)'> (0x00000000cda800a0) 
thrown [s\src\hotspot\share\interpreter\linkResolver.cpp, line 759]
Event: 7.179 Thread 0x00000210b6467260 Exception <a 'java/lang/NoSuchMethodError'{0x00000000cda87ea8}: 'java.lang.Object java.lang.invoke.DirectMethodHandle$Holder.newInvokeSpecial(java.lang.Object, java.lang.Object, int, java.lang.Object, int)'> (0x00000000cda87ea8) 
thrown [s\src\hotspot\share\interpreter\linkResolver.cpp, line 759]
Event: 7.181 Thread 0x00000210b6467260 Exception <a 'java/lang/NoSuchMethodError'{0x00000000cda8bfa8}: 'java.lang.Object java.lang.invoke.DirectMethodHandle$Holder.invokeSpecial(java.lang.Object, java.lang.Object, java.lang.Object, int, java.lang.Object, int)'> (0x00000000cda8bfa8) 
thrown [s\src\hotspot\share\interpreter\linkResolver.cpp, line 759]
Event: 7.626 Thread 0x00000210c137b070 Exception <a 'java/lang/NoSuchMethodError'{0x00000000c3d06098}: 'java.lang.Object java.lang.invoke.DirectMethodHandle$Holder.invokeStatic(java.lang.Object, java.lang.Object, java.lang.Object, int, java.lang.Object, java.lang.Object)'> (0x00000000c3d06098) 
thrown [s\src\hotspot\share\interpreter\linkResolver.cpp, line 759]
Event: 7.640 Thread 0x00000210c137b580 Exception <a 'java/lang/NoSuchMethodError'{0x00000000c3d5c388}: 'java.lang.Object java.lang.invoke.DirectMethodHandle$Holder.invokeStatic(java.lang.Object, int, java.lang.Object)'> (0x00000000c3d5c388) 
thrown [s\src\hotspot\share\interpreter\linkResolver.cpp, line 759]
Event: 8.442 Thread 0x00000210c6e6b700 Exception <a 'java/lang/NoSuchMethodError'{0x00000000c334cd98}: 'int java.lang.invoke.DirectMethodHandle$Holder.invokeStatic(java.lang.Object)'> (0x00000000c334cd98) 
thrown [s\src\hotspot\share\interpreter\linkResolver.cpp, line 759]
Event: 8.443 Thread 0x00000210c6e6b700 Exception <a 'java/lang/NoSuchMethodError'{0x00000000c3350198}: 'int java.lang.invoke.DirectMethodHandle$Holder.invokeStaticInit(java.lang.Object)'> (0x00000000c3350198) 
thrown [s\src\hotspot\share\interpreter\linkResolver.cpp, line 759]
Event: 47.232 Thread 0x00000210c137ced0 Exception <a 'java/lang/NoSuchMethodError'{0x00000000cdbfae18}: 'void java.lang.invoke.DirectMethodHandle$Holder.invokeStatic(java.lang.Object, long)'> (0x00000000cdbfae18) 
thrown [s\src\hotspot\share\interpreter\linkResolver.cpp, line 759]
Event: 47.233 Thread 0x00000210c137ced0 Exception <a 'java/lang/NoSuchMethodError'{0x00000000c33db0a8}: 'java.lang.Object java.lang.invoke.DirectMethodHandle$Holder.newInvokeSpecial(java.lang.Object, long)'> (0x00000000c33db0a8) 
thrown [s\src\hotspot\share\interpreter\linkResolver.cpp, line 759]

VM Operations (20 events):
Event: 6.936 Executing VM operation: G1PauseCleanup done
Event: 6.996 Executing VM operation: HandshakeAllThreads
Event: 6.997 Executing VM operation: HandshakeAllThreads done
Event: 7.111 Executing VM operation: HandshakeAllThreads
Event: 7.111 Executing VM operation: HandshakeAllThreads done
Event: 7.113 Executing VM operation: HandshakeAllThreads
Event: 7.113 Executing VM operation: HandshakeAllThreads done
Event: 7.211 Executing VM operation: HandshakeAllThreads
Event: 7.211 Executing VM operation: HandshakeAllThreads done
Event: 7.218 Executing VM operation: HandshakeAllThreads
Event: 7.218 Executing VM operation: HandshakeAllThreads done
Event: 7.744 Executing VM operation: HandshakeAllThreads
Event: 7.744 Executing VM operation: HandshakeAllThreads done
Event: 8.752 Executing VM operation: Cleanup
Event: 8.753 Executing VM operation: Cleanup done
Event: 47.234 Executing VM operation: HandshakeAllThreads
Event: 47.234 Executing VM operation: HandshakeAllThreads done
Event: 47.829 Executing VM operation: G1CollectFull
Event: 47.906 Executing VM operation: G1CollectFull done
Event: 58.035 Executing VM operation: G1CollectFull

Events (20 events):
Event: 8.449 loading class java/util/concurrent/atomic/AtomicLongFieldUpdater done
Event: 8.450 loading class java/util/concurrent/atomic/AtomicLongFieldUpdater$CASUpdater
Event: 8.450 loading class java/util/concurrent/atomic/AtomicLongFieldUpdater$CASUpdater done
Event: 8.450 loading class java/util/concurrent/atomic/AtomicLongFieldUpdater$CASUpdater$1
Event: 8.450 loading class java/util/concurrent/atomic/AtomicLongFieldUpdater$CASUpdater$1 done
Event: 8.462 Thread 0x00000210c6620450 Thread exited: 0x00000210c6620450
Event: 8.462 Thread 0x00000210c155ccb0 Thread exited: 0x00000210c155ccb0
Event: 8.935 Thread 0x00000210c6e6cb40 Thread added: 0x00000210c6e6cb40
Event: 47.164 loading class java/lang/ProcessBuilder
Event: 47.165 loading class java/lang/ProcessBuilder done
Event: 47.166 loading class java/lang/ProcessImpl
Event: 47.166 loading class java/lang/ProcessImpl done
Event: 47.233 loading class java/lang/ProcessImpl$2
Event: 47.233 loading class java/lang/ProcessImpl$2 done
Event: 47.233 loading class java/lang/Process$PipeInputStream
Event: 47.233 loading class java/lang/Process$PipeInputStream done
Event: 47.235 loading class jdk/internal/event/ProcessStartEvent
Event: 47.235 loading class jdk/internal/event/ProcessStartEvent done
Event: 47.829 loading class java/io/FileOutputStream$1
Event: 47.829 loading class java/io/FileOutputStream$1 done


Dynamic libraries:
0x00007ff634cf0000 - 0x00007ff634cfe000 	c:\Users\Anderson_windowsPRO\.vscode\extensions\redhat.java-1.30.0-win32-x64\jre\17.0.10-win32-x86_64\bin\java.exe
0x00007ffc647b0000 - 0x00007ffc649a8000 	C:\Windows\SYSTEM32\ntdll.dll
0x00007ffc64150000 - 0x00007ffc6420d000 	C:\Windows\System32\KERNEL32.DLL
0x00007ffc61f60000 - 0x00007ffc62256000 	C:\Windows\System32\KERNELBASE.dll
0x00007ffc62260000 - 0x00007ffc62360000 	C:\Windows\System32\ucrtbase.dll
0x00007ffc575e0000 - 0x00007ffc575f7000 	c:\Users\Anderson_windowsPRO\.vscode\extensions\redhat.java-1.30.0-win32-x64\jre\17.0.10-win32-x86_64\bin\jli.dll
0x00007ffc575c0000 - 0x00007ffc575db000 	c:\Users\Anderson_windowsPRO\.vscode\extensions\redhat.java-1.30.0-win32-x64\jre\17.0.10-win32-x86_64\bin\VCRUNTIME140.dll
0x00007ffc63890000 - 0x00007ffc63a2f000 	C:\Windows\System32\USER32.dll
0x00007ffc4d8b0000 - 0x00007ffc4db4a000 	C:\Windows\WinSxS\amd64_microsoft.windows.common-controls_6595b64144ccf1df_6.0.19041.3636_none_60b6a03d71f818d5\COMCTL32.dll
0x00007ffc62570000 - 0x00007ffc62592000 	C:\Windows\System32\win32u.dll
0x00007ffc629e0000 - 0x00007ffc62a7e000 	C:\Windows\System32\msvcrt.dll
0x00007ffc62a80000 - 0x00007ffc62aab000 	C:\Windows\System32\GDI32.dll
0x00007ffc625f0000 - 0x00007ffc62707000 	C:\Windows\System32\gdi32full.dll
0x00007ffc62710000 - 0x00007ffc627ad000 	C:\Windows\System32\msvcp_win.dll
0x00007ffc627b0000 - 0x00007ffc627e2000 	C:\Windows\System32\IMM32.DLL
0x00007ffc575b0000 - 0x00007ffc575bc000 	c:\Users\Anderson_windowsPRO\.vscode\extensions\redhat.java-1.30.0-win32-x64\jre\17.0.10-win32-x86_64\bin\vcruntime140_1.dll
0x00007ffc57520000 - 0x00007ffc575ad000 	c:\Users\Anderson_windowsPRO\.vscode\extensions\redhat.java-1.30.0-win32-x64\jre\17.0.10-win32-x86_64\bin\msvcp140.dll
0x00007ffbea160000 - 0x00007ffbeadc2000 	c:\Users\Anderson_windowsPRO\.vscode\extensions\redhat.java-1.30.0-win32-x64\jre\17.0.10-win32-x86_64\bin\server\jvm.dll
0x00007ffc637e0000 - 0x00007ffc63890000 	C:\Windows\System32\ADVAPI32.dll
0x00007ffc64210000 - 0x00007ffc642b0000 	C:\Windows\System32\sechost.dll
0x00007ffc63ec0000 - 0x00007ffc63fe3000 	C:\Windows\System32\RPCRT4.dll
0x00007ffc61e30000 - 0x00007ffc61e57000 	C:\Windows\System32\bcrypt.dll
0x00007ffc61330000 - 0x00007ffc6137b000 	C:\Windows\SYSTEM32\POWRPROF.dll
0x00007ffc55420000 - 0x00007ffc55447000 	C:\Windows\SYSTEM32\WINMM.dll
0x00007ffc60b50000 - 0x00007ffc60b5a000 	C:\Windows\SYSTEM32\VERSION.dll
0x00007ffc247a0000 - 0x00007ffc247a9000 	C:\Windows\SYSTEM32\WSOCK32.dll
0x00007ffc62f50000 - 0x00007ffc62fbb000 	C:\Windows\System32\WS2_32.dll
0x00007ffc611f0000 - 0x00007ffc61202000 	C:\Windows\SYSTEM32\UMPDC.dll
0x00007ffc60aa0000 - 0x00007ffc60ab2000 	C:\Windows\SYSTEM32\kernel.appcore.dll
0x00007ffc41aa0000 - 0x00007ffc41aaa000 	c:\Users\Anderson_windowsPRO\.vscode\extensions\redhat.java-1.30.0-win32-x64\jre\17.0.10-win32-x86_64\bin\jimage.dll
0x00007ffc5a880000 - 0x00007ffc5aa64000 	C:\Windows\SYSTEM32\DBGHELP.DLL
0x00007ffc4f810000 - 0x00007ffc4f844000 	C:\Windows\SYSTEM32\dbgcore.DLL
0x00007ffc61ed0000 - 0x00007ffc61f52000 	C:\Windows\System32\bcryptPrimitives.dll
0x00007ffc41a60000 - 0x00007ffc41a85000 	c:\Users\Anderson_windowsPRO\.vscode\extensions\redhat.java-1.30.0-win32-x64\jre\17.0.10-win32-x86_64\bin\java.dll
0x00007ffc41a40000 - 0x00007ffc41a58000 	c:\Users\Anderson_windowsPRO\.vscode\extensions\redhat.java-1.30.0-win32-x64\jre\17.0.10-win32-x86_64\bin\zip.dll
0x00007ffc63070000 - 0x00007ffc637db000 	C:\Windows\System32\SHELL32.dll
0x00007ffc5fc00000 - 0x00007ffc6039e000 	C:\Windows\SYSTEM32\windows.storage.dll
0x00007ffc62bf0000 - 0x00007ffc62f43000 	C:\Windows\System32\combase.dll
0x00007ffc61780000 - 0x00007ffc617ae000 	C:\Windows\SYSTEM32\Wldp.dll
0x00007ffc63ff0000 - 0x00007ffc640bd000 	C:\Windows\System32\OLEAUT32.dll
0x00007ffc62fc0000 - 0x00007ffc6306d000 	C:\Windows\System32\SHCORE.dll
0x00007ffc62970000 - 0x00007ffc629c5000 	C:\Windows\System32\shlwapi.dll
0x00007ffc61d60000 - 0x00007ffc61d83000 	C:\Windows\SYSTEM32\profapi.dll
0x00007ffc41a10000 - 0x00007ffc41a29000 	C:\Users\Anderson_windowsPRO\.vscode\extensions\redhat.java-1.30.0-win32-x64\jre\17.0.10-win32-x86_64\bin\net.dll
0x00007ffc5a5c0000 - 0x00007ffc5a6ca000 	C:\Windows\SYSTEM32\WINHTTP.dll
0x00007ffc61560000 - 0x00007ffc615ca000 	C:\Windows\system32\mswsock.dll
0x00007ffc419f0000 - 0x00007ffc41a06000 	C:\Users\Anderson_windowsPRO\.vscode\extensions\redhat.java-1.30.0-win32-x64\jre\17.0.10-win32-x86_64\bin\nio.dll
0x00007ffc419d0000 - 0x00007ffc419e0000 	c:\Users\Anderson_windowsPRO\.vscode\extensions\redhat.java-1.30.0-win32-x64\jre\17.0.10-win32-x86_64\bin\verify.dll
0x00007ffc61ac0000 - 0x00007ffc61ad8000 	C:\Windows\SYSTEM32\CRYPTSP.dll
0x00007ffc60e30000 - 0x00007ffc60e64000 	C:\Windows\system32\rsaenh.dll
0x00007ffc61ce0000 - 0x00007ffc61d0e000 	C:\Windows\SYSTEM32\USERENV.dll
0x00007ffc616f0000 - 0x00007ffc616fc000 	C:\Windows\SYSTEM32\CRYPTBASE.dll
0x00007ffc61210000 - 0x00007ffc6124b000 	C:\Windows\SYSTEM32\IPHLPAPI.DLL
0x00007ffc63d70000 - 0x00007ffc63d78000 	C:\Windows\System32\NSI.dll
0x00007ffc5bba0000 - 0x00007ffc5bbb7000 	C:\Windows\SYSTEM32\dhcpcsvc6.DLL
0x00007ffc5b920000 - 0x00007ffc5b93d000 	C:\Windows\SYSTEM32\dhcpcsvc.DLL
0x00007ffc61250000 - 0x00007ffc6131b000 	C:\Windows\SYSTEM32\DNSAPI.dll
0x00007ffc5d710000 - 0x00007ffc5d719000 	C:\Users\Anderson_windowsPRO\.vscode\extensions\redhat.java-1.30.0-win32-x64\jre\17.0.10-win32-x86_64\bin\management.dll
0x00007ffc590c0000 - 0x00007ffc590cb000 	C:\Users\Anderson_windowsPRO\.vscode\extensions\redhat.java-1.30.0-win32-x64\jre\17.0.10-win32-x86_64\bin\management_ext.dll
0x00007ffc62be0000 - 0x00007ffc62be8000 	C:\Windows\System32\PSAPI.DLL

dbghelp: loaded successfully - version: 4.0.5 - missing functions: none
symbol engine: initialized successfully - sym options: 0x614 - pdb path: .;c:\Users\Anderson_windowsPRO\.vscode\extensions\redhat.java-1.30.0-win32-x64\jre\17.0.10-win32-x86_64\bin;C:\Windows\SYSTEM32;C:\Windows\WinSxS\amd64_microsoft.windows.common-controls_6595b64144ccf1df_6.0.19041.3636_none_60b6a03d71f818d5;c:\Users\Anderson_windowsPRO\.vscode\extensions\redhat.java-1.30.0-win32-x64\jre\17.0.10-win32-x86_64\bin\server

VM Arguments:
jvm_args: -Xmx1024m -Dsts.lsp.client=vscode -Dsts.log.file=/dev/null -XX:TieredStopAtLevel=1 -Xlog:jni+resolve=off -Dspring.config.location=file:c:\Users\Anderson_windowsPRO\.vscode\extensions\vmware.vscode-spring-boot-1.54.0\language-server\BOOT-INF\classes\application.properties 
java_command: org.springframework.ide.vscode.boot.app.BootLanguageServerBootApp
java_class_path (initial): c:\Users\Anderson_windowsPRO\.vscode\extensions\vmware.vscode-spring-boot-1.54.0\language-server\BOOT-INF\classes;c:\Users\Anderson_windowsPRO\.vscode\extensions\vmware.vscode-spring-boot-1.54.0\language-server\BOOT-INF\lib\annotations-24.1.0.jar;c:\Users\Anderson_windowsPRO\.vscode\extensions\vmware.vscode-spring-boot-1.54.0\language-server\BOOT-INF\lib\antlr4-runtime-4.13.1.jar;c:\Users\Anderson_windowsPRO\.vscode\extensions\vmware.vscode-spring-boot-1.54.0\language-server\BOOT-INF\lib\asm-9.7.jar;c:\Users\Anderson_windowsPRO\.vscode\extensions\vmware.vscode-spring-boot-1.54.0\language-server\BOOT-INF\lib\asm-analysis-9.7.jar;c:\Users\Anderson_windowsPRO\.vscode\extensions\vmware.vscode-spring-boot-1.54.0\language-server\BOOT-INF\lib\asm-tree-9.7.jar;c:\Users\Anderson_windowsPRO\.vscode\extensions\vmware.vscode-spring-boot-1.54.0\language-server\BOOT-INF\lib\asm-util-9.7.jar;c:\Users\Anderson_windowsPRO\.vscode\extensions\vmware.vscode-spring-boot-1.54.0\language-server\BOOT-INF\lib\caffeine-3.1.8.jar;c:\Users\Anderson_windowsPRO\.vscode\extensions\vmware.vscode-spring-boot-1.54.0\language-server\BOOT-INF\lib\checker-qual-3.12.0.jar;c:\Users\Anderson_windowsPRO\.vscode\extensions\vmware.vscode-spring-boot-1.54.0\language-server\BOOT-INF\lib\classgraph-4.8.149.jar;c:\Users\Anderson_windowsPRO\.vscode\extensions\vmware.vscode-spring-boot-1.54.0\language-server\BOOT-INF\lib\commons-codec-1.16.1.jar;c:\Users\Anderson_windowsPRO\.vscode\extensions\vmware.vscode-spring-boot-1.54.0\language-server\BOOT-INF\lib\commons-compress-1.26.1.jar;c:\Users\Anderson_windowsPRO\.vscode\extensions\vmware.vscode-spring-boot-1.54.0\language-server\BOOT-INF\lib\commons-io-2.4.jar;c:\Users\Anderson_windowsPRO\.vscode\extensions\vmware.vscode-spring-boot-1.54.0\language-server\BOOT-INF\lib\commons-java-1.54.0-SNAPSHOT.jar;c:\Users\Anderson_windowsPRO\.vscode\extensions\vmware.vscode-spring-boot-1.54.0\language-server\BOOT-INF\lib\commons-lang3-3.13.0.jar;c:\Us
Launcher Type: SUN_STANDARD

[Global flags]
     intx CICompilerCount                          = 4                                         {product} {ergonomic}
     uint ConcGCThreads                            = 2                                         {product} {ergonomic}
     uint G1ConcRefinementThreads                  = 8                                         {product} {ergonomic}
   size_t G1HeapRegionSize                         = 1048576                                   {product} {ergonomic}
    uintx GCDrainStackTargetSize                   = 64                                        {product} {ergonomic}
   size_t InitialHeapSize                          = 268435456                                 {product} {ergonomic}
   size_t MarkStackSize                            = 4194304                                   {product} {ergonomic}
   size_t MaxHeapSize                              = 1073741824                                {product} {command line}
   size_t MaxNewSize                               = 643825664                                 {product} {ergonomic}
   size_t MinHeapDeltaBytes                        = 1048576                                   {product} {ergonomic}
   size_t MinHeapSize                              = 8388608                                   {product} {ergonomic}
    uintx NonProfiledCodeHeapSize                  = 0                                      {pd product} {ergonomic}
     bool ProfileInterpreter                       = false                                  {pd product} {command line}
    uintx ProfiledCodeHeapSize                     = 0                                      {pd product} {ergonomic}
   size_t SoftMaxHeapSize                          = 1073741824                             {manageable} {ergonomic}
     intx TieredStopAtLevel                        = 1                                         {product} {command line}
     bool UseCompressedClassPointers               = true                           {product lp64_product} {ergonomic}
     bool UseCompressedOops                        = true                           {product lp64_product} {ergonomic}
     bool UseG1GC                                  = true                                      {product} {ergonomic}
     bool UseLargePagesIndividualAllocation        = false                                  {pd product} {ergonomic}

Logging:
Log output configuration:
 #0: stdout all=warning,jni+resolve=off uptime,level,tags
 #1: stderr all=off uptime,level,tags

Environment Variables:
JAVA_HOME=C:\Program Files\Java\JDK_NEWS
CLASSPATH=.;C:\Program Files\Java\JDK_NEWS\lib;
PATH=C:\Python312\Scripts\;C:\Python312\;C:\Program Files\Common Files\Oracle\Java\javapath;C:\Program Files\Microsoft\jdk-11.0.16.101-hotspot\bin;C:\Program Files\Java\JDK_NEWS\bin;C:\Windows\system32;C:\Windows;C:\Windows\System32\Wbem;C:\Windows\System32\WindowsPowerShell\v1.0\;C:\Windows\System32\OpenSSH\;C:\Program Files\Java\JDK_NEWS\bin;C:\apache-maven-3.8.6\bin;C:\Program Files (x86)\dotnet\;C:\Program Files\dotnet\;C:\Program Files\Azure Data Studio\bin;C:\Windows\Microsoft.NET\Framework64\v4.0.30319;C:\Program Files\Microsoft SQL Server\150\Tools\Binn\;C:\ProgramData\chocolatey\bin;C:\Program Files (x86)\Microsoft SQL Server\160\Tools\Binn\;C:\Program Files\Microsoft SQL Server\160\Tools\Binn\;C:\Program Files\Microsoft SQL Server\Client SDK\ODBC\170\Tools\Binn\;C:\Program Files\Microsoft SQL Server\160\DTS\Binn\;C:\ProgramData\UNIVALI\Portugol Studio;C:\Program Files\Docker\Docker\resources\bin;C:\Users\Anderson_windowsPRO\AppData\Roaming\nvm;C:\Program Files\nodejs;C:\Program Files\Git\cmd;C:\Program Files\MongoDB\Server\7.0\bin;C:\Users\Anderson_windowsPRO\.cargo\bin;C:\Users\Anderson_windowsPRO\AppData\Roaming\.dotnet;C:\Users\Anderson_windowsPRO\AppData\Local\Programs\Python\Python311\Scripts\;C:\Users\Anderson_windowsPRO\AppData\Local\Programs\Python\Python311\;C:\Users\Anderson_windowsPRO\AppData\Local\Microsoft\WindowsApps;C:\Users\Anderson_windowsPRO\AppData\Local\Programs\Microsoft VS Code\bin;C:\Program Files\JetBrains\IntelliJ IDEA Community Edition 2023.1\bin;;C:\Users\Anderson_windowsPRO\AppData\Local\GitHubDesktop\bin;C:\Program Files\Azure Data Studio\bin;C:\Windows\Microsoft.NET\Framework64\v4.0.30319;C:\Users\Anderson_windowsPRO\.dotnet\tools;C:\Users\Anderson_windowsPRO\AppData\Roaming\npm;C:\Users\Anderson_windowsPRO\AppData\Roaming\nvm;C:\Program Files\nodejs
USERNAME=Anderson_windowsPRO
OS=Windows_NT
PROCESSOR_IDENTIFIER=AMD64 Family 23 Model 24 Stepping 1, AuthenticAMD
TMP=C:\Users\ANDERS~1\AppData\Local\Temp
TEMP=C:\Users\ANDERS~1\AppData\Local\Temp



Periodic native trim disabled


---------------  S Y S T E M  ---------------

OS:
 Windows 10 , 64 bit Build 19041 (10.0.19041.3636)
OS uptime: 6 days 16:12 hours
Hyper-V role detected

CPU: total 8 (initial active 8) (8 cores per cpu, 2 threads per core) family 23 model 24 stepping 1 microcode 0x0, cx8, cmov, fxsr, ht, mmx, 3dnowpref, sse, sse2, sse3, ssse3, sse4a, sse4.1, sse4.2, popcnt, lzcnt, tsc, tscinvbit, avx, avx2, aes, clmul, bmi1, bmi2, adx, sha, fma, vzeroupper, clflush, clflushopt, hv
Processor Information for all 8 processors :
  Max Mhz: 3700, Current Mhz: 3700, Mhz Limit: 3700

Memory: 4k page, system-wide physical 16315M (1704M free)
TotalPageFile size 44859M (AvailPageFile size 1064M)
current process WorkingSet (physical memory assigned to process): 171M, peak: 171M
current process commit charge ("private bytes"): 211M, peak: 367M

vm_info: OpenJDK 64-Bit Server VM (17.0.10+7) for windows-amd64 JRE (17.0.10+7), built on Jan 16 2024 23:25:11 by "admin" with MS VC++ 16.10 / 16.11 (VS2019)

END.
